<?xml version="1.0" encoding="UTF-8"?>
<!-- Generated by org.testng.reporters.JUnitXMLReporter -->
<testsuite ignored="1" hostname="DESKTOP-F7SHF1O" failures="0" tests="2" name="Test" time="18.918" errors="0" timestamp="2023-04-26T09:41:11 IST">
  <testcase classname="com.orange.tests.TS1_CreateEmployee" name="TC1_CreateEmployee" time="6.682"/>
  <testcase classname="com.orange.tests.TS2_AdminTests" name="TC1_ProvideAdminRights" time="0.001">
    <skipped/>
  </testcase> <!-- TC1_ProvideAdminRights -->
  <testcase classname="com.orange.utils.BaseClass" name="@BeforeSuite getuserDetails" time="0.0">
    <ignored/>
  </testcase> <!-- @BeforeSuite getuserDetails -->
</testsuite> <!-- Test -->
