<?xml version="1.0" encoding="UTF-8"?>
<!-- Generated by org.testng.reporters.JUnitXMLReporter -->
<testsuite ignored="1" hostname="DESKTOP-F7SHF1O" failures="0" tests="2" name="Test" time="29.551" errors="0" timestamp="2023-04-26T09:43:43 IST">
  <testcase classname="com.orange.tests.TS1_CreateEmployee" name="TC1_CreateEmployee" time="6.518"/>
  <testcase classname="com.orange.tests.TS2_AdminTests" name="TC1_ProvideAdminRights" time="7.853"/>
  <testcase classname="com.orange.utils.BaseClass" name="@BeforeSuite getuserDetails" time="0.0">
    <ignored/>
  </testcase> <!-- @BeforeSuite getuserDetails -->
</testsuite> <!-- Test -->
