<?xml version="1.0" encoding="UTF-8"?>
<testng-results ignored="1" total="3" passed="2" failed="0" skipped="0">
  <reporter-output>
  </reporter-output>
  <suite started-at="2023-04-26T09:43:14 IST" name="Suite" finished-at="2023-04-26T09:43:43 IST" duration-ms="29551">
    <groups>
    </groups>
    <test started-at="2023-04-26T09:43:14 IST" name="Test" finished-at="2023-04-26T09:43:43 IST" duration-ms="29551">
      <class name="com.orange.tests.TS2_AdminTests">
        <test-method is-config="true" signature="openApp()[pri:0, instance:com.orange.tests.TS2_AdminTests@5552768b]" started-at="2023-04-26T09:43:30 IST" name="openApp" finished-at="2023-04-26T09:43:35 IST" duration-ms="4876" status="PASS">
          <reporter-output>
          </reporter-output>
        </test-method> <!-- openApp -->
        <test-method signature="TC1_ProvideAdminRights(java.util.HashMap)[pri:0, instance:com.orange.tests.TS2_AdminTests@5552768b]" started-at="2023-04-26T09:43:35 IST" name="TC1_ProvideAdminRights" data-provider="getTC1_ProvideAdminRightsData" finished-at="2023-04-26T09:43:43 IST" duration-ms="7853" status="PASS">
          <params>
            <param index="0">
              <value>
                <![CDATA[{Status=Enabled, UserName=Freddie Langosh, TCName=TC1_ProvideAdminRights, FirstName=Freddie, UserRole=Admin, Runmode=yes, LastName=Langosh, Password=Password@1234}]]>
              </value>
            </param>
          </params>
          <reporter-output>
          </reporter-output>
        </test-method> <!-- TC1_ProvideAdminRights -->
        <test-method is-config="true" signature="close()[pri:0, instance:com.orange.tests.TS2_AdminTests@5552768b]" started-at="2023-04-26T09:43:43 IST" name="close" finished-at="2023-04-26T09:43:43 IST" duration-ms="330" status="PASS">
          <reporter-output>
          </reporter-output>
        </test-method> <!-- close -->
      </class> <!-- com.orange.tests.TS2_AdminTests -->
      <class name="com.orange.tests.TS1_CreateEmployee">
        <test-method is-config="true" signature="getuserDetails()[pri:0, instance:com.orange.tests.TS1_CreateEmployee@3cc1435c]" started-at="2023-04-26T09:43:07 IST" name="getuserDetails" finished-at="2023-04-26T09:43:14 IST" duration-ms="6256" status="PASS">
          <reporter-output>
          </reporter-output>
        </test-method> <!-- getuserDetails -->
        <test-method is-config="true" signature="openApp()[pri:0, instance:com.orange.tests.TS1_CreateEmployee@3cc1435c]" started-at="2023-04-26T09:43:14 IST" name="openApp" finished-at="2023-04-26T09:43:23 IST" duration-ms="9614" status="PASS">
          <reporter-output>
          </reporter-output>
        </test-method> <!-- openApp -->
        <test-method signature="TC1_CreateEmployee(java.util.HashMap)[pri:0, instance:com.orange.tests.TS1_CreateEmployee@3cc1435c]" started-at="2023-04-26T09:43:23 IST" name="TC1_CreateEmployee" data-provider="getTC1_CreateEmployeeData" finished-at="2023-04-26T09:43:30 IST" duration-ms="6518" status="PASS">
          <params>
            <param index="0">
              <value>
                <![CDATA[{Status=, UserName=Freddie Langosh, TCName=TC1_CreateEmployee, FirstName=Freddie, UserRole=, Runmode=yes, LastName=Langosh, Password=Password@1234}]]>
              </value>
            </param>
          </params>
          <reporter-output>
          </reporter-output>
        </test-method> <!-- TC1_CreateEmployee -->
        <test-method is-config="true" signature="close()[pri:0, instance:com.orange.tests.TS1_CreateEmployee@3cc1435c]" started-at="2023-04-26T09:43:30 IST" name="close" finished-at="2023-04-26T09:43:30 IST" duration-ms="280" status="PASS">
          <reporter-output>
          </reporter-output>
        </test-method> <!-- close -->
      </class> <!-- com.orange.tests.TS1_CreateEmployee -->
    </test> <!-- Test -->
  </suite> <!-- Suite -->
</testng-results>
